<?xml version="1.0" encoding="utf-8"?><testsuites name="pytest tests"><testsuite name="pytest" errors="0" failures="0" skipped="0" tests="11" time="6.304" timestamp="2026-09-11T19:05:14.672810+00:00" hostname="agent-env-12eeca15-c0ea-49ea-8417-b2295f1cf8d3"><testcase classname="tests.test_prototype_api" name="test_state_initialization_and_baseline_values" time="0.213" /><testcase classname="tests.test_prototype_api" name="test_demo_auth_role_switch_and_admin_ui_api_guard" time="0.700" /><testcase classname="tests.test_prototype_api" name="test_profile_edit_persists_after_refresh" time="0.516" /><testcase classname="tests.test_prototype_api" name="test_course_learning_updates_persist_and_complete_status" time="0.945" /><testcase classname="tests.test_prototype_api" name="test_programme_registration_persists" time="0.325" /><testcase classname="tests.test_prototype_api" name="test_assessment_generate_sql_bank_and_submit_updates_connected_state" time="0.460" /><testcase classname="tests.test_prototype_api" name="test_assessment_lower_score_does_not_improve_competency" time="0.384" /><testcase classname="tests.test_prototype_api" name="test_assessment_submit_is_idempotent_same_session" time="0.475" /><testcase classname="tests.test_prototype_api" name="test_assessment_submit_blocked_for_other_session" time="0.301" /><testcase classname="tests.test_prototype_api" name="test_documents_invalid_extension_empty_and_oversize" time="1.137" /><testcase classname="tests.test_prototype_api" name="test_documents_upload_summary_and_quiz_generate_requires_valid_competency" time="0.465" /></testsuite></testsuites>